<?xml version="1.0" encoding="UTF-8"?>
<testng-results ignored="0" total="1" passed="1" failed="0" skipped="0">
  <reporter-output>
  </reporter-output>
  <suite started-at="2022-05-16T14:12:57 CDT" name="Default suite" finished-at="2022-05-16T14:13:05 CDT" duration-ms="7238">
    <groups>
    </groups>
    <test started-at="2022-05-16T14:12:57 CDT" name="Default test" finished-at="2022-05-16T14:13:05 CDT" duration-ms="7238">
      <class name="variousConcepts.CustomerForm">
        <test-method is-config="true" signature="readConfig()[pri:0, instance:variousConcepts.CustomerForm@4a7f959b]" started-at="2022-05-16T14:12:57 CDT" name="readConfig" finished-at="2022-05-16T14:12:57 CDT" duration-ms="6" status="PASS">
          <reporter-output>
          </reporter-output>
        </test-method> <!-- readConfig -->
        <test-method is-config="true" signature="init()[pri:0, instance:variousConcepts.CustomerForm@4a7f959b]" started-at="2022-05-16T14:12:57 CDT" name="init" finished-at="2022-05-16T14:13:00 CDT" duration-ms="2493" status="PASS">
          <reporter-output>
          </reporter-output>
        </test-method> <!-- init -->
        <test-method signature="addCustomerTest()[pri:0, instance:variousConcepts.CustomerForm@4a7f959b]" started-at="2022-05-16T14:13:00 CDT" name="addCustomerTest" finished-at="2022-05-16T14:13:05 CDT" duration-ms="4712" status="PASS">
          <reporter-output>
          </reporter-output>
        </test-method> <!-- addCustomerTest -->
      </class> <!-- variousConcepts.CustomerForm -->
    </test> <!-- Default test -->
  </suite> <!-- Default suite -->
</testng-results>
